<?xml version="1.0" encoding="UTF-8"?>
<testsuite name="NoteServiceTest" tests="24" skipped="0" failures="0" errors="0" timestamp="2022-05-16T15:03:35" hostname="DESKTOP-TPQFU3E" time="0.184">
  <properties/>
  <testcase name="getComments_notGetIDNotEquals" classname="NoteServiceTest" time="0.137"/>
  <testcase name="deleteComment_notDeleteIsDeletedTrue" classname="NoteServiceTest" time="0.001"/>
  <testcase name="editNote_notEditIDNotEquals" classname="NoteServiceTest" time="0.001"/>
  <testcase name="restoreComment_notRestoreIsDeletedTrue" classname="NoteServiceTest" time="0.001"/>
  <testcase name="getByID_itIsOK" classname="NoteServiceTest" time="0.001"/>
  <testcase name="getByID_notListIsDeletedTrue" classname="NoteServiceTest" time="0.0"/>
  <testcase name="createComment_itIsOK" classname="NoteServiceTest" time="0.001"/>
  <testcase name="deleteNote_notDeleteIsDeletedTrue" classname="NoteServiceTest" time="0.0"/>
  <testcase name="deleteComment_itIsOK" classname="NoteServiceTest" time="0.001"/>
  <testcase name="editNote_itIsOK" classname="NoteServiceTest" time="0.001"/>
  <testcase name="deleteNote_notDeleteIDNotEquals" classname="NoteServiceTest" time="0.001"/>
  <testcase name="getByID_notListIDNotEquals" classname="NoteServiceTest" time="0.001"/>
  <testcase name="restoreComment_notRestoreIDNotEquals" classname="NoteServiceTest" time="0.0"/>
  <testcase name="editComment_itIsOK" classname="NoteServiceTest" time="0.0"/>
  <testcase name="editComment_notEditIDNotEquals" classname="NoteServiceTest" time="0.001"/>
  <testcase name="restoreComment_itIsOK" classname="NoteServiceTest" time="0.005"/>
  <testcase name="editNote_notEditIsDeletedTrue" classname="NoteServiceTest" time="0.002"/>
  <testcase name="deleteComment_notDeleteIDNotEquals" classname="NoteServiceTest" time="0.002"/>
  <testcase name="createComment_notCreateIsDeletedTrue" classname="NoteServiceTest" time="0.001"/>
  <testcase name="editComment_notEditIsDeletedTrue" classname="NoteServiceTest" time="0.001"/>
  <testcase name="createComment_notCreateIDNotEquals" classname="NoteServiceTest" time="0.002"/>
  <testcase name="getComments_itIsOK" classname="NoteServiceTest" time="0.001"/>
  <testcase name="getComments_notGetIsDeletedTrue" classname="NoteServiceTest" time="0.003"/>
  <testcase name="deleteNote_itIsOK" classname="NoteServiceTest" time="0.003"/>
  <system-out><![CDATA[]]></system-out>
  <system-err><![CDATA[]]></system-err>
</testsuite>
